------------------[01/03/23 10:01:19]------------------
[1][18810.0977]: [Debug Center]:[Init]: Done
[2][20254.0898]: [LOG END]*
------------------[01/03/23 10:27:10]------------------
[1][20360.3105]: [Debug Center]:[Init]: Done
[2][20377.7656]: [LOG END]*
------------------[01/03/23 10:27:43]------------------
[1][20393.8633]: [Debug Center]:[Init]: Done
[2][20396.7168]: [LOG END]*
------------------[01/03/23 10:28:32]------------------
[1][20443.1289]: [Debug Center]:[Init]: Done
[2][20464.4609]: [LOG END]*
------------------[01/03/23 10:30:47]------------------
[1][20577.4785]: [Debug Center]:[Init]: Done
[2][20578.9453]: key is ,103
[3][20581.1504]: [LOG END]*
------------------[01/03/23 10:31:18]------------------
[1][20712.3789]: [LOG END]*
------------------[01/03/23 10:33:02]------------------
[1][20712.9551]: [LOG END]*
------------------[01/03/23 10:33:17]------------------
[1][20818.7734]: [LOG END]*
------------------[01/03/23 10:34:50]------------------
[1][20893.2793]: [LOG END]*
------------------[01/03/23 10:36:05]------------------
[1][20912.8008]: [LOG END]*
------------------[01/03/23 10:36:48]------------------
[1][20947.2246]: [LOG END]*
------------------[01/03/23 10:36:59]------------------
[1][20969.8848]: [LOG END]*
------------------[01/03/23 10:37:22]------------------
[1][21009.1133]: [LOG END]*
------------------[01/03/23 10:37:59]------------------
[1][21009.5391]: [Debug Center]:[Init]: Done
[2][21010.627]: [LOG END]*